#-----------------------------------------------------------
# Vivado v2018.2 (64-bit)
# SW Build 2258646 on Thu Jun 14 20:03:12 MDT 2018
# IP Build 2256618 on Thu Jun 14 22:10:49 MDT 2018
# Start of session at: Tue Jan 25 13:10:16 2022
# Process ID: 28776
# Current directory: E:/EE2026_Lab/Assign_1
# Command line: vivado.exe -gui_launcher_event rodinguilauncherevent27780 E:\EE2026_Lab\Assign_1\Assign_1.xpr
# Log file: E:/EE2026_Lab/Assign_1/vivado.log
# Journal file: E:/EE2026_Lab/Assign_1\vivado.jou
#-----------------------------------------------------------
start_gui
open_project E:/EE2026_Lab/Assign_1/Assign_1.xpr
Scanning sources...
Finished scanning sources
INFO: [IP_Flow 19-234] Refreshing IP repositories
INFO: [IP_Flow 19-1704] No user IP repositories specified
INFO: [IP_Flow 19-2313] Loaded Vivado IP repository 'E:/Vivado/2018.2/data/ip'.
update_compile_order -fileset sources_1
exit
INFO: [Common 17-206] Exiting Vivado at Tue Jan 25 13:14:32 2022...
sign_1/.Xil/Vivado-28776-DESKTOP-0IR846V -force -include_local_ip_cache
INFO: [Coretcl 2-137] starting archive...
INFO: [Coretcl 2-1499] Saving project copy to temporary location 'E:/EE2026_Lab/Assign_1/.Xil/Vivado-28776-DESKTOP-0IR846V' for archiving project
Scanning sources...
Finished scanning sources
INFO: [Coretcl 2-1211] Creating project copy for archival...
INFO: [Coretcl 2-1213] Including run results for 'synth_1'
INFO: [Coretcl 2-1213] Including run results for 'impl_1'
INFO: [Coretcl 2-1209] Adding archive summary file to the project...
INFO: [Coretcl 2-1214] Preparing project files for archive...
INFO: [Coretcl 2-1210] Compressing project files and data...
INFO: [Coretcl 2-1215] Project archived (E:/EE2026_Lab/Assign_1.xpr.zip)
INFO: [Coretcl 2-1216] To view the archive summary log in GUI, double click on 'Design Sources->Text->archive_project_summary.txt', or open this file from the archived project directory.
exit
INFO: [Common 17-206] Exiting Vivado at Tue Jan 25 13:14:36 2022...
n 17-206] Exiting Vivado at Tue Jan 25 13:14:29 2022...
